<?xml version="1.0" encoding="utf-8"?><testsuites><testsuite name="pytest" errors="0" failures="0" skipped="0" tests="47" time="0.607" timestamp="2026-01-16T14:01:02.667919-07:00" hostname="Kjells-MacBook-Pro.local"><testcase classname="git_metrics.tests.test_cache_behavior.TestPRCacheInvalidation" name="test_cache_expired_is_removed" file="git_metrics/tests/test_cache_behavior.py" line="46" time="0.011" /><testcase classname="git_metrics.tests.test_cache_behavior.TestPRCacheInvalidation" name="test_cache_force_fresh_deletes" file="git_metrics/tests/test_cache_behavior.py" line="67" time="0.002" /><testcase classname="jira_metrics.tests.test_bug_stats.TestBugStats" name="test_validate_years" file="jira_metrics/tests/test_bug_stats.py" line="20" time="0.001" /><testcase classname="jira_metrics.tests.test_bug_stats" name="test_build_jql_queries" file="jira_metrics/tests/test_bug_stats.py" line="40" time="0.000" /><testcase classname="jira_metrics.tests.test_bug_stats" name="test_fetch_bug_statistics" file="jira_metrics/tests/test_bug_stats.py" line="52" time="0.001" /><testcase classname="jira_metrics.tests.test_bug_stats" name="test_export_to_csv" file="jira_metrics/tests/test_bug_stats.py" line="68" time="0.005" /><testcase classname="jira_metrics.tests.test_bug_stats" name="test_generate_yearly_report" file="jira_metrics/tests/test_bug_stats.py" line="110" time="0.001" /><testcase classname="jira_metrics.tests.test_bug_stats" name="test_setup_logging" file="jira_metrics/tests/test_bug_stats.py" line="124" time="0.001" /><testcase classname="jira_metrics.tests.test_cycle_time.TestProcessChangelog" name="test_changelog_with_multiple_code_review_and_released" file="jira_metrics/tests/test_cycle_time.py" line="84" time="0.028" /><testcase classname="jira_metrics.tests.test_cycle_time.TestProcessChangelog" name="test_changelog_with_multiple_releases" file="jira_metrics/tests/test_cycle_time.py" line="100" time="0.001" /><testcase classname="jira_metrics.tests.test_cycle_time.TestProcessChangelog" name="test_changelog_without_code_review" file="jira_metrics/tests/test_cycle_time.py" line="54" time="0.001" /><testcase classname="jira_metrics.tests.test_cycle_time.TestProcessChangelog" name="test_changelog_without_released" file="jira_metrics/tests/test_cycle_time.py" line="65" time="0.001" /><testcase classname="jira_metrics.tests.test_cycle_time.TestProcessChangelog" name="test_empty_changelog" file="jira_metrics/tests/test_cycle_time.py" line="76" time="0.001" /><testcase classname="jira_metrics.tests.test_cycle_time.TestProcessChangelog" name="test_valid_changelog_with_code_review_and_released" file="jira_metrics/tests/test_cycle_time.py" line="43" time="0.001" /><testcase classname="jira_metrics.tests.test_cycle_time.TestBusinessTimeCalculations" name="test_end_of_day_boundary" file="jira_metrics/tests/test_cycle_time.py" line="245" time="0.000" /><testcase classname="jira_metrics.tests.test_cycle_time.TestBusinessTimeCalculations" name="test_entire_weekend" file="jira_metrics/tests/test_cycle_time.py" line="195" time="0.000" /><testcase classname="jira_metrics.tests.test_cycle_time.TestBusinessTimeCalculations" name="test_full_work_week" file="jira_metrics/tests/test_cycle_time.py" line="204" time="0.000" /><testcase classname="jira_metrics.tests.test_cycle_time.TestBusinessTimeCalculations" name="test_partial_first_day_full_second_day" file="jira_metrics/tests/test_cycle_time.py" line="254" time="0.000" /><testcase classname="jira_metrics.tests.test_cycle_time.TestBusinessTimeCalculations" name="test_same_day_exceeds_8_hours" file="jira_metrics/tests/test_cycle_time.py" line="137" time="0.000" /><testcase classname="jira_metrics.tests.test_cycle_time.TestBusinessTimeCalculations" name="test_same_day_within_8_hours" file="jira_metrics/tests/test_cycle_time.py" line="128" time="0.000" /><testcase classname="jira_metrics.tests.test_cycle_time.TestBusinessTimeCalculations" name="test_spans_weekend" file="jira_metrics/tests/test_cycle_time.py" line="158" time="0.000" /><testcase classname="jira_metrics.tests.test_cycle_time.TestBusinessTimeCalculations" name="test_start_equals_end" file="jira_metrics/tests/test_cycle_time.py" line="236" time="0.000" /><testcase classname="jira_metrics.tests.test_cycle_time.TestBusinessTimeCalculations" name="test_starts_on_saturday" file="jira_metrics/tests/test_cycle_time.py" line="172" time="0.000" /><testcase classname="jira_metrics.tests.test_cycle_time.TestBusinessTimeCalculations" name="test_starts_on_sunday" file="jira_metrics/tests/test_cycle_time.py" line="184" time="0.000" /><testcase classname="jira_metrics.tests.test_cycle_time.TestBusinessTimeCalculations" name="test_three_weekdays_in_a_row" file="jira_metrics/tests/test_cycle_time.py" line="266" time="0.000" /><testcase classname="jira_metrics.tests.test_cycle_time.TestBusinessTimeCalculations" name="test_two_consecutive_weekdays" file="jira_metrics/tests/test_cycle_time.py" line="146" time="0.000" /><testcase classname="jira_metrics.tests.test_cycle_time.TestBusinessTimeCalculations" name="test_two_full_weeks" file="jira_metrics/tests/test_cycle_time.py" line="214" time="0.001" /><testcase classname="jira_metrics.tests.test_cycle_time.TestBusinessTimeCalculations" name="test_very_short_duration" file="jira_metrics/tests/test_cycle_time.py" line="227" time="0.000" /><testcase classname="jira_metrics.tests.test_engineering_excellence.TestGetResolutionDate" name="test_no_histories" file="jira_metrics/tests/test_engineering_excellence.py" line="57" time="0.001" /><testcase classname="jira_metrics.tests.test_engineering_excellence.TestGetResolutionDate" name="test_resolution_date_found" file="jira_metrics/tests/test_engineering_excellence.py" line="20" time="0.001" /><testcase classname="jira_metrics.tests.test_engineering_excellence.TestGetResolutionDate" name="test_resolution_date_not_found" file="jira_metrics/tests/test_engineering_excellence.py" line="39" time="0.001" /><testcase classname="jira_metrics.tests.test_engineering_excellence.TestTicketFunctions" name="test_categorize_ticket_no_resolution_date" file="jira_metrics/tests/test_engineering_excellence.py" line="114" time="0.001" /><testcase classname="jira_metrics.tests.test_engineering_excellence.TestTicketFunctions" name="test_categorize_ticket_with_resolution_date" file="jira_metrics/tests/test_engineering_excellence.py" line="122" time="0.001" /><testcase classname="jira_metrics.tests.test_engineering_excellence.TestTicketFunctions" name="test_get_team_specific" file="jira_metrics/tests/test_engineering_excellence.py" line="92" time="0.001" /><testcase classname="jira_metrics.tests.test_engineering_excellence.TestTicketFunctions" name="test_get_team_swedes" file="jira_metrics/tests/test_engineering_excellence.py" line="82" time="0.001" /><testcase classname="jira_metrics.tests.test_engineering_excellence.TestTicketFunctions" name="test_get_team_unknown" file="jira_metrics/tests/test_engineering_excellence.py" line="87" time="0.001" /><testcase classname="jira_metrics.tests.test_engineering_excellence.TestTicketFunctions" name="test_get_work_type_product" file="jira_metrics/tests/test_engineering_excellence.py" line="97" time="0.002" /><testcase classname="jira_metrics.tests.test_engineering_excellence.TestTicketFunctions" name="test_get_work_type_specific" file="jira_metrics/tests/test_engineering_excellence.py" line="101" time="0.001" /><testcase classname="jira_metrics.tests.test_engineering_excellence.TestTicketFunctions" name="test_update_team_data_engineering_excellence" file="jira_metrics/tests/test_engineering_excellence.py" line="105" time="0.001" /><testcase classname="jira_metrics.tests.test_epic_tracking.TestBucketCountsAndPointsWithPeriods" name="test_basic_bucketing" file="jira_metrics/tests/test_epic_tracking.py" line="61" time="0.001" /><testcase classname="jira_metrics.tests.test_epic_tracking.TestBucketCountsAndPointsWithPeriods" name="test_case_insensitive_status" file="jira_metrics/tests/test_epic_tracking.py" line="116" time="0.001" /><testcase classname="jira_metrics.tests.test_epic_tracking.TestBucketCountsAndPointsWithPeriods" name="test_time_period_tracking" file="jira_metrics/tests/test_epic_tracking.py" line="139" time="0.001" /><testcase classname="jira_metrics.tests.test_epic_tracking.TestBucketCountsAndPointsWithPeriods" name="test_zero_active_tickets" file="jira_metrics/tests/test_epic_tracking.py" line="180" time="0.000" /><testcase classname="jira_metrics.tests.test_release_failure.TestReleaseFailure" name="test_count_failed_releases" file="jira_metrics/tests/test_release_failure.py" line="32" time="0.001" /><testcase classname="jira_metrics.tests.test_release_failure.TestReleaseFailure" name="test_extract_linked_tickets" file="jira_metrics/tests/test_release_failure.py" line="20" time="0.001" /><testcase classname="jira_metrics.tests.test_release_failure.TestReleaseFailure" name="test_print_total_failure_percentage" file="jira_metrics/tests/test_release_failure.py" line="84" time="0.000" /><testcase classname="jira_metrics.tests.test_release_failure.TestReleaseFailure" name="test_process_release_tickets" file="jira_metrics/tests/test_release_failure.py" line="51" time="0.001" /></testsuite></testsuites>